2016-08-15 21:47:47,984 [main] INFO  org.springframework.test.context.support.DefaultTestContextBootstrapper - Loaded default TestExecutionListener class names from location [META-INF/spring.factories]: [org.springframework.test.context.web.ServletTestExecutionListener, org.springframework.test.context.support.DependencyInjectionTestExecutionListener, org.springframework.test.context.support.DirtiesContextTestExecutionListener, org.springframework.test.context.transaction.TransactionalTestExecutionListener, org.springframework.test.context.jdbc.SqlScriptsTestExecutionListener]
2016-08-15 21:47:47,995 [main] INFO  org.springframework.test.context.support.DefaultTestContextBootstrapper - Could not instantiate TestExecutionListener [org.springframework.test.context.web.ServletTestExecutionListener]. Specify custom listener classes or make the default listener classes (and their required dependencies) available. Offending class: [javax/servlet/ServletContext]
2016-08-15 21:47:48,013 [main] INFO  org.springframework.test.context.support.DefaultTestContextBootstrapper - Using TestExecutionListeners: [org.springframework.test.context.support.DependencyInjectionTestExecutionListener@685cb137, org.springframework.test.context.support.DirtiesContextTestExecutionListener@6a41eaa2, org.springframework.test.context.transaction.TransactionalTestExecutionListener@7cd62f43, org.springframework.test.context.jdbc.SqlScriptsTestExecutionListener@6d4b1c02]
2016-08-15 21:47:48,306 [main] INFO  org.springframework.beans.factory.xml.XmlBeanDefinitionReader - Loading XML bean definitions from URL [file:/Users/apple/mq/ga-web/target/classes/spring/applicationContext.xml]
2016-08-15 21:47:48,925 [main] INFO  org.springframework.beans.factory.xml.XmlBeanDefinitionReader - Loading XML bean definitions from URL [file:/Users/apple/mq/ga-web/target/classes/spring/applicationContext-datasource.xml]
2016-08-15 21:47:48,975 [main] INFO  org.springframework.beans.factory.xml.XmlBeanDefinitionReader - Loading XML bean definitions from URL [file:/Users/apple/mq/ga-web/target/classes/spring/applicationContext-service.xml]
2016-08-15 21:47:49,039 [main] INFO  org.springframework.beans.factory.xml.XmlBeanDefinitionReader - Loading XML bean definitions from URL [file:/Users/apple/mq/ga-web/target/classes/rabbitmq-product.xml]
2016-08-15 21:47:52,749 [main] INFO  org.springframework.context.support.GenericApplicationContext - Refreshing org.springframework.context.support.GenericApplicationContext@4e1d422d: startup date [Mon Aug 15 21:47:52 CST 2016]; root of context hierarchy
2016-08-15 21:47:52,934 [main] INFO  org.springframework.beans.factory.config.PropertyPlaceholderConfigurer - Loading properties file from class path resource [config-dev.properties]
2016-08-15 21:47:53,738 [main] INFO  com.alibaba.druid.pool.DruidDataSource - {dataSource-1} inited
2016-08-15 21:47:54,790 [main] INFO  org.springframework.amqp.rabbit.connection.CachingConnectionFactory - Created new connection: SimpleConnection@59e32960 [delegate=amqp://yangjinjing@172.168.83.201:5672/]
2016-08-15 21:47:54,869 [AMQP Connection 172.168.83.201:5672] ERROR org.springframework.amqp.rabbit.connection.CachingConnectionFactory - Channel shutdown: channel error; protocol method: #method<channel.close>(reply-code=406, reply-text=PRECONDITION_FAILED - inequivalent arg 'type' for exchange 'test-mq-exchange' in vhost '/': received 'fanout' but current is 'direct', class-id=40, method-id=10)
2016-08-15 21:47:54,910 [Thread-2] INFO  org.springframework.context.support.GenericApplicationContext - Closing org.springframework.context.support.GenericApplicationContext@4e1d422d: startup date [Mon Aug 15 21:47:52 CST 2016]; root of context hierarchy
2016-08-15 21:47:54,923 [Thread-2] WARN  org.springframework.beans.factory.support.DisposableBeanAdapter - Invocation of destroy method 'close' failed on bean with name 'sqlSession': java.lang.UnsupportedOperationException: Manual close is not allowed over a Spring managed SqlSession
2016-08-15 21:47:54,938 [Thread-2] INFO  com.alibaba.druid.pool.DruidDataSource - {dataSource-1} closed
2016-08-15 21:51:13,436 [main] INFO  org.springframework.test.context.support.DefaultTestContextBootstrapper - Loaded default TestExecutionListener class names from location [META-INF/spring.factories]: [org.springframework.test.context.web.ServletTestExecutionListener, org.springframework.test.context.support.DependencyInjectionTestExecutionListener, org.springframework.test.context.support.DirtiesContextTestExecutionListener, org.springframework.test.context.transaction.TransactionalTestExecutionListener, org.springframework.test.context.jdbc.SqlScriptsTestExecutionListener]
2016-08-15 21:51:13,455 [main] INFO  org.springframework.test.context.support.DefaultTestContextBootstrapper - Could not instantiate TestExecutionListener [org.springframework.test.context.web.ServletTestExecutionListener]. Specify custom listener classes or make the default listener classes (and their required dependencies) available. Offending class: [javax/servlet/ServletContext]
2016-08-15 21:51:13,459 [main] INFO  org.springframework.test.context.support.DefaultTestContextBootstrapper - Using TestExecutionListeners: [org.springframework.test.context.support.DependencyInjectionTestExecutionListener@42e26948, org.springframework.test.context.support.DirtiesContextTestExecutionListener@57baeedf, org.springframework.test.context.transaction.TransactionalTestExecutionListener@343f4d3d, org.springframework.test.context.jdbc.SqlScriptsTestExecutionListener@53b32d7]
2016-08-15 21:51:13,735 [main] INFO  org.springframework.beans.factory.xml.XmlBeanDefinitionReader - Loading XML bean definitions from URL [file:/Users/apple/mq/ga-web/target/classes/spring/applicationContext.xml]
2016-08-15 21:51:14,316 [main] INFO  org.springframework.beans.factory.xml.XmlBeanDefinitionReader - Loading XML bean definitions from URL [file:/Users/apple/mq/ga-web/target/classes/spring/applicationContext-datasource.xml]
2016-08-15 21:51:14,394 [main] INFO  org.springframework.beans.factory.xml.XmlBeanDefinitionReader - Loading XML bean definitions from URL [file:/Users/apple/mq/ga-web/target/classes/spring/applicationContext-service.xml]
2016-08-15 21:51:14,453 [main] INFO  org.springframework.beans.factory.xml.XmlBeanDefinitionReader - Loading XML bean definitions from URL [file:/Users/apple/mq/ga-web/target/classes/rabbitmq-product.xml]
2016-08-15 21:51:19,037 [main] ERROR org.springframework.test.context.TestContextManager - Caught exception while allowing TestExecutionListener [org.springframework.test.context.support.DependencyInjectionTestExecutionListener@42e26948] to prepare test instance [com.city.ga.web.TestQueueProduct@4b168fa9]
java.lang.IllegalStateException: Failed to load ApplicationContext
	at org.springframework.test.context.DefaultCacheAwareContextLoaderDelegate.loadContext(DefaultCacheAwareContextLoaderDelegate.java:94)
	at org.springframework.test.context.DefaultTestContext.getApplicationContext(DefaultTestContext.java:72)
	at org.springframework.test.context.support.DependencyInjectionTestExecutionListener.injectDependencies(DependencyInjectionTestExecutionListener.java:117)
	at org.springframework.test.context.support.DependencyInjectionTestExecutionListener.prepareTestInstance(DependencyInjectionTestExecutionListener.java:83)
	at org.springframework.test.context.TestContextManager.prepareTestInstance(TestContextManager.java:212)
	at org.springframework.test.context.junit4.SpringJUnit4ClassRunner.createTest(SpringJUnit4ClassRunner.java:200)
	at org.springframework.test.context.junit4.SpringJUnit4ClassRunner$1.runReflectiveCall(SpringJUnit4ClassRunner.java:259)
	at org.junit.internal.runners.model.ReflectiveCallable.run(ReflectiveCallable.java:12)
	at org.springframework.test.context.junit4.SpringJUnit4ClassRunner.methodBlock(SpringJUnit4ClassRunner.java:261)
	at org.springframework.test.context.junit4.SpringJUnit4ClassRunner.runChild(SpringJUnit4ClassRunner.java:219)
	at org.springframework.test.context.junit4.SpringJUnit4ClassRunner.runChild(SpringJUnit4ClassRunner.java:83)
	at org.junit.runners.ParentRunner$3.run(ParentRunner.java:238)
	at org.junit.runners.ParentRunner$1.schedule(ParentRunner.java:63)
	at org.junit.runners.ParentRunner.runChildren(ParentRunner.java:236)
	at org.junit.runners.ParentRunner.access$000(ParentRunner.java:53)
	at org.junit.runners.ParentRunner$2.evaluate(ParentRunner.java:229)
	at org.springframework.test.context.junit4.statements.RunBeforeTestClassCallbacks.evaluate(RunBeforeTestClassCallbacks.java:61)
	at org.springframework.test.context.junit4.statements.RunAfterTestClassCallbacks.evaluate(RunAfterTestClassCallbacks.java:68)
	at org.junit.runners.ParentRunner.run(ParentRunner.java:309)
	at org.springframework.test.context.junit4.SpringJUnit4ClassRunner.run(SpringJUnit4ClassRunner.java:163)
	at org.junit.runner.JUnitCore.run(JUnitCore.java:160)
	at com.intellij.junit4.JUnit4IdeaTestRunner.startRunnerWithArgs(JUnit4IdeaTestRunner.java:78)
	at com.intellij.rt.execution.junit.JUnitStarter.prepareStreamsAndStart(JUnitStarter.java:212)
	at com.intellij.rt.execution.junit.JUnitStarter.main(JUnitStarter.java:68)
	at sun.reflect.NativeMethodAccessorImpl.invoke0(Native Method)
	at sun.reflect.NativeMethodAccessorImpl.invoke(NativeMethodAccessorImpl.java:62)
	at sun.reflect.DelegatingMethodAccessorImpl.invoke(DelegatingMethodAccessorImpl.java:43)
	at java.lang.reflect.Method.invoke(Method.java:483)
	at com.intellij.rt.execution.application.AppMain.main(AppMain.java:140)
Caused by: org.springframework.beans.factory.xml.XmlBeanDefinitionStoreException: Line 30 in XML document from URL [file:/Users/apple/mq/ga-web/target/classes/rabbitmq-product.xml] is invalid; nested exception is org.xml.sax.SAXParseException; lineNumber: 30; columnNumber: 27; cvc-complex-type.2.4.b: 元素 'rabbit:bindings' 的内容不完整。应为 '{"http://www.springframework.org/schema/rabbit":binding}' 之一。
	at org.springframework.beans.factory.xml.XmlBeanDefinitionReader.doLoadBeanDefinitions(XmlBeanDefinitionReader.java:399)
	at org.springframework.beans.factory.xml.XmlBeanDefinitionReader.loadBeanDefinitions(XmlBeanDefinitionReader.java:336)
	at org.springframework.beans.factory.xml.XmlBeanDefinitionReader.loadBeanDefinitions(XmlBeanDefinitionReader.java:304)
	at org.springframework.beans.factory.support.AbstractBeanDefinitionReader.loadBeanDefinitions(AbstractBeanDefinitionReader.java:181)
	at org.springframework.beans.factory.support.AbstractBeanDefinitionReader.loadBeanDefinitions(AbstractBeanDefinitionReader.java:217)
	at org.springframework.beans.factory.support.AbstractBeanDefinitionReader.loadBeanDefinitions(AbstractBeanDefinitionReader.java:188)
	at org.springframework.beans.factory.support.AbstractBeanDefinitionReader.loadBeanDefinitions(AbstractBeanDefinitionReader.java:252)
	at org.springframework.test.context.support.AbstractGenericContextLoader.loadBeanDefinitions(AbstractGenericContextLoader.java:253)
	at org.springframework.test.context.support.AbstractGenericContextLoader.loadContext(AbstractGenericContextLoader.java:122)
	at org.springframework.test.context.support.AbstractGenericContextLoader.loadContext(AbstractGenericContextLoader.java:60)
	at org.springframework.test.context.support.AbstractDelegatingSmartContextLoader.delegateLoading(AbstractDelegatingSmartContextLoader.java:109)
	at org.springframework.test.context.support.AbstractDelegatingSmartContextLoader.loadContext(AbstractDelegatingSmartContextLoader.java:261)
	at org.springframework.test.context.DefaultCacheAwareContextLoaderDelegate.loadContextInternal(DefaultCacheAwareContextLoaderDelegate.java:68)
	at org.springframework.test.context.DefaultCacheAwareContextLoaderDelegate.loadContext(DefaultCacheAwareContextLoaderDelegate.java:86)
	... 28 more
Caused by: org.xml.sax.SAXParseException; lineNumber: 30; columnNumber: 27; cvc-complex-type.2.4.b: 元素 'rabbit:bindings' 的内容不完整。应为 '{"http://www.springframework.org/schema/rabbit":binding}' 之一。
	at com.sun.org.apache.xerces.internal.util.ErrorHandlerWrapper.createSAXParseException(ErrorHandlerWrapper.java:203)
	at com.sun.org.apache.xerces.internal.util.ErrorHandlerWrapper.error(ErrorHandlerWrapper.java:134)
	at com.sun.org.apache.xerces.internal.impl.XMLErrorReporter.reportError(XMLErrorReporter.java:437)
	at com.sun.org.apache.xerces.internal.impl.XMLErrorReporter.reportError(XMLErrorReporter.java:368)
	at com.sun.org.apache.xerces.internal.impl.XMLErrorReporter.reportError(XMLErrorReporter.java:325)
	at com.sun.org.apache.xerces.internal.impl.xs.XMLSchemaValidator$XSIErrorReporter.reportError(XMLSchemaValidator.java:458)
	at com.sun.org.apache.xerces.internal.impl.xs.XMLSchemaValidator.reportSchemaError(XMLSchemaValidator.java:3237)
	at com.sun.org.apache.xerces.internal.impl.xs.XMLSchemaValidator.elementLocallyValidComplexType(XMLSchemaValidator.java:3213)
	at com.sun.org.apache.xerces.internal.impl.xs.XMLSchemaValidator.elementLocallyValidType(XMLSchemaValidator.java:3160)
	at com.sun.org.apache.xerces.internal.impl.xs.XMLSchemaValidator.processElementContent(XMLSchemaValidator.java:3062)
	at com.sun.org.apache.xerces.internal.impl.xs.XMLSchemaValidator.handleEndElement(XMLSchemaValidator.java:2140)
	at com.sun.org.apache.xerces.internal.impl.xs.XMLSchemaValidator.endElement(XMLSchemaValidator.java:859)
	at com.sun.org.apache.xerces.internal.impl.XMLDocumentFragmentScannerImpl.scanEndElement(XMLDocumentFragmentScannerImpl.java:1782)
	at com.sun.org.apache.xerces.internal.impl.XMLDocumentFragmentScannerImpl$FragmentContentDriver.next(XMLDocumentFragmentScannerImpl.java:2973)
	at com.sun.org.apache.xerces.internal.impl.XMLDocumentScannerImpl.next(XMLDocumentScannerImpl.java:606)
	at com.sun.org.apache.xerces.internal.impl.XMLNSDocumentScannerImpl.next(XMLNSDocumentScannerImpl.java:117)
	at com.sun.org.apache.xerces.internal.impl.XMLDocumentFragmentScannerImpl.scanDocument(XMLDocumentFragmentScannerImpl.java:510)
	at com.sun.org.apache.xerces.internal.parsers.XML11Configuration.parse(XML11Configuration.java:848)
	at com.sun.org.apache.xerces.internal.parsers.XML11Configuration.parse(XML11Configuration.java:777)
	at com.sun.org.apache.xerces.internal.parsers.XMLParser.parse(XMLParser.java:141)
	at com.sun.org.apache.xerces.internal.parsers.DOMParser.parse(DOMParser.java:243)
	at com.sun.org.apache.xerces.internal.jaxp.DocumentBuilderImpl.parse(DocumentBuilderImpl.java:348)
	at org.springframework.beans.factory.xml.DefaultDocumentLoader.loadDocument(DefaultDocumentLoader.java:76)
	at org.springframework.beans.factory.xml.XmlBeanDefinitionReader.doLoadDocument(XmlBeanDefinitionReader.java:429)
	at org.springframework.beans.factory.xml.XmlBeanDefinitionReader.doLoadBeanDefinitions(XmlBeanDefinitionReader.java:391)
	... 41 more
2016-08-15 21:52:04,791 [main] INFO  org.springframework.test.context.support.DefaultTestContextBootstrapper - Loaded default TestExecutionListener class names from location [META-INF/spring.factories]: [org.springframework.test.context.web.ServletTestExecutionListener, org.springframework.test.context.support.DependencyInjectionTestExecutionListener, org.springframework.test.context.support.DirtiesContextTestExecutionListener, org.springframework.test.context.transaction.TransactionalTestExecutionListener, org.springframework.test.context.jdbc.SqlScriptsTestExecutionListener]
2016-08-15 21:52:04,812 [main] INFO  org.springframework.test.context.support.DefaultTestContextBootstrapper - Could not instantiate TestExecutionListener [org.springframework.test.context.web.ServletTestExecutionListener]. Specify custom listener classes or make the default listener classes (and their required dependencies) available. Offending class: [javax/servlet/ServletContext]
2016-08-15 21:52:04,820 [main] INFO  org.springframework.test.context.support.DefaultTestContextBootstrapper - Using TestExecutionListeners: [org.springframework.test.context.support.DependencyInjectionTestExecutionListener@42e26948, org.springframework.test.context.support.DirtiesContextTestExecutionListener@57baeedf, org.springframework.test.context.transaction.TransactionalTestExecutionListener@343f4d3d, org.springframework.test.context.jdbc.SqlScriptsTestExecutionListener@53b32d7]
2016-08-15 21:52:05,054 [main] INFO  org.springframework.beans.factory.xml.XmlBeanDefinitionReader - Loading XML bean definitions from URL [file:/Users/apple/mq/ga-web/target/classes/spring/applicationContext.xml]
2016-08-15 21:52:05,390 [main] INFO  org.springframework.beans.factory.xml.XmlBeanDefinitionReader - Loading XML bean definitions from URL [file:/Users/apple/mq/ga-web/target/classes/spring/applicationContext-datasource.xml]
2016-08-15 21:52:05,504 [main] INFO  org.springframework.beans.factory.xml.XmlBeanDefinitionReader - Loading XML bean definitions from URL [file:/Users/apple/mq/ga-web/target/classes/spring/applicationContext-service.xml]
2016-08-15 21:52:05,539 [main] INFO  org.springframework.beans.factory.xml.XmlBeanDefinitionReader - Loading XML bean definitions from URL [file:/Users/apple/mq/ga-web/target/classes/rabbitmq-product.xml]
2016-08-15 21:52:13,376 [main] INFO  org.springframework.context.support.GenericApplicationContext - Refreshing org.springframework.context.support.GenericApplicationContext@71423665: startup date [Mon Aug 15 21:52:13 CST 2016]; root of context hierarchy
2016-08-15 21:52:13,530 [main] INFO  org.springframework.beans.factory.config.PropertyPlaceholderConfigurer - Loading properties file from class path resource [config-dev.properties]
2016-08-15 21:52:14,212 [main] INFO  com.alibaba.druid.pool.DruidDataSource - {dataSource-1} inited
2016-08-15 21:52:15,057 [main] INFO  org.springframework.amqp.rabbit.connection.CachingConnectionFactory - Created new connection: SimpleConnection@20f5281c [delegate=amqp://yangjinjing@172.168.83.201:5672/]
2016-08-15 21:52:15,122 [Thread-2] INFO  org.springframework.context.support.GenericApplicationContext - Closing org.springframework.context.support.GenericApplicationContext@71423665: startup date [Mon Aug 15 21:52:13 CST 2016]; root of context hierarchy
2016-08-15 21:52:15,152 [Thread-2] WARN  org.springframework.beans.factory.support.DisposableBeanAdapter - Invocation of destroy method 'close' failed on bean with name 'sqlSession': java.lang.UnsupportedOperationException: Manual close is not allowed over a Spring managed SqlSession
2016-08-15 21:52:15,191 [Thread-2] INFO  com.alibaba.druid.pool.DruidDataSource - {dataSource-1} closed
2016-08-15 21:53:03,297 [main] INFO  org.springframework.test.context.support.DefaultTestContextBootstrapper - Loaded default TestExecutionListener class names from location [META-INF/spring.factories]: [org.springframework.test.context.web.ServletTestExecutionListener, org.springframework.test.context.support.DependencyInjectionTestExecutionListener, org.springframework.test.context.support.DirtiesContextTestExecutionListener, org.springframework.test.context.transaction.TransactionalTestExecutionListener, org.springframework.test.context.jdbc.SqlScriptsTestExecutionListener]
2016-08-15 21:53:03,316 [main] INFO  org.springframework.test.context.support.DefaultTestContextBootstrapper - Could not instantiate TestExecutionListener [org.springframework.test.context.web.ServletTestExecutionListener]. Specify custom listener classes or make the default listener classes (and their required dependencies) available. Offending class: [javax/servlet/ServletContext]
2016-08-15 21:53:03,320 [main] INFO  org.springframework.test.context.support.DefaultTestContextBootstrapper - Using TestExecutionListeners: [org.springframework.test.context.support.DependencyInjectionTestExecutionListener@42e26948, org.springframework.test.context.support.DirtiesContextTestExecutionListener@57baeedf, org.springframework.test.context.transaction.TransactionalTestExecutionListener@343f4d3d, org.springframework.test.context.jdbc.SqlScriptsTestExecutionListener@53b32d7]
2016-08-15 21:53:03,551 [main] INFO  org.springframework.beans.factory.xml.XmlBeanDefinitionReader - Loading XML bean definitions from URL [file:/Users/apple/mq/ga-web/target/classes/spring/applicationContext.xml]
2016-08-15 21:53:04,044 [main] INFO  org.springframework.beans.factory.xml.XmlBeanDefinitionReader - Loading XML bean definitions from URL [file:/Users/apple/mq/ga-web/target/classes/spring/applicationContext-datasource.xml]
2016-08-15 21:53:04,197 [main] INFO  org.springframework.beans.factory.xml.XmlBeanDefinitionReader - Loading XML bean definitions from URL [file:/Users/apple/mq/ga-web/target/classes/spring/applicationContext-service.xml]
2016-08-15 21:53:04,272 [main] INFO  org.springframework.beans.factory.xml.XmlBeanDefinitionReader - Loading XML bean definitions from URL [file:/Users/apple/mq/ga-web/target/classes/rabbitmq-consumer.xml]
2016-08-15 21:53:06,039 [main] INFO  org.springframework.context.support.GenericApplicationContext - Refreshing org.springframework.context.support.GenericApplicationContext@71423665: startup date [Mon Aug 15 21:53:06 CST 2016]; root of context hierarchy
2016-08-15 21:53:06,212 [main] INFO  org.springframework.beans.factory.config.PropertyPlaceholderConfigurer - Loading properties file from class path resource [config-dev.properties]
2016-08-15 21:53:06,885 [main] INFO  com.alibaba.druid.pool.DruidDataSource - {dataSource-1} inited
2016-08-15 21:53:07,295 [main] INFO  org.springframework.context.support.DefaultLifecycleProcessor - Starting beans in phase 2147483647
2016-08-15 21:53:07,395 [SimpleAsyncTaskExecutor-1] INFO  org.springframework.amqp.rabbit.connection.CachingConnectionFactory - Created new connection: SimpleConnection@5c9e8261 [delegate=amqp://yangjinjing@172.168.83.201:5672/]
2016-08-15 21:53:07,451 [SimpleAsyncTaskExecutor-1] INFO  com.city.ga.web.listener.RabbitListener - 数据:"44444445555"
2016-08-15 21:53:07,453 [pool-3-thread-1] INFO  com.city.ga.web.listener.RabbitListener - mq插入数据:"44444445555"
2016-08-15 21:53:07,469 [Thread-2] INFO  org.springframework.context.support.GenericApplicationContext - Closing org.springframework.context.support.GenericApplicationContext@71423665: startup date [Mon Aug 15 21:53:06 CST 2016]; root of context hierarchy
2016-08-15 21:53:07,471 [Thread-2] INFO  org.springframework.context.support.DefaultLifecycleProcessor - Stopping beans in phase 2147483647
2016-08-15 21:53:07,481 [Thread-2] INFO  org.springframework.amqp.rabbit.listener.SimpleMessageListenerContainer - Waiting for workers to finish.
2016-08-15 21:53:08,466 [Thread-2] INFO  org.springframework.amqp.rabbit.listener.SimpleMessageListenerContainer - Successfully waited for workers to finish.
2016-08-15 21:53:08,467 [Thread-2] INFO  com.city.ga.web.listener.RabbitListener - RabbitMqTestListener消息处理池已关闭!
2016-08-15 21:53:08,468 [Thread-2] INFO  com.city.ga.web.listener.RabbitListener - RabbitMqTestListener消息处理池已关闭!
2016-08-15 21:53:08,486 [Thread-2] WARN  org.springframework.beans.factory.support.DisposableBeanAdapter - Invocation of destroy method 'close' failed on bean with name 'sqlSession': java.lang.UnsupportedOperationException: Manual close is not allowed over a Spring managed SqlSession
2016-08-15 21:53:08,490 [Thread-2] INFO  com.alibaba.druid.pool.DruidDataSource - {dataSource-1} closed
2016-08-15 21:54:57,120 [main] INFO  org.springframework.test.context.support.DefaultTestContextBootstrapper - Loaded default TestExecutionListener class names from location [META-INF/spring.factories]: [org.springframework.test.context.web.ServletTestExecutionListener, org.springframework.test.context.support.DependencyInjectionTestExecutionListener, org.springframework.test.context.support.DirtiesContextTestExecutionListener, org.springframework.test.context.transaction.TransactionalTestExecutionListener, org.springframework.test.context.jdbc.SqlScriptsTestExecutionListener]
2016-08-15 21:54:57,138 [main] INFO  org.springframework.test.context.support.DefaultTestContextBootstrapper - Could not instantiate TestExecutionListener [org.springframework.test.context.web.ServletTestExecutionListener]. Specify custom listener classes or make the default listener classes (and their required dependencies) available. Offending class: [javax/servlet/ServletContext]
2016-08-15 21:54:57,142 [main] INFO  org.springframework.test.context.support.DefaultTestContextBootstrapper - Using TestExecutionListeners: [org.springframework.test.context.support.DependencyInjectionTestExecutionListener@42e26948, org.springframework.test.context.support.DirtiesContextTestExecutionListener@57baeedf, org.springframework.test.context.transaction.TransactionalTestExecutionListener@343f4d3d, org.springframework.test.context.jdbc.SqlScriptsTestExecutionListener@53b32d7]
2016-08-15 21:54:57,389 [main] INFO  org.springframework.beans.factory.xml.XmlBeanDefinitionReader - Loading XML bean definitions from URL [file:/Users/apple/mq/ga-web/target/classes/spring/applicationContext.xml]
2016-08-15 21:54:57,954 [main] INFO  org.springframework.beans.factory.xml.XmlBeanDefinitionReader - Loading XML bean definitions from URL [file:/Users/apple/mq/ga-web/target/classes/spring/applicationContext-datasource.xml]
2016-08-15 21:54:58,019 [main] INFO  org.springframework.beans.factory.xml.XmlBeanDefinitionReader - Loading XML bean definitions from URL [file:/Users/apple/mq/ga-web/target/classes/spring/applicationContext-service.xml]
2016-08-15 21:54:58,047 [main] INFO  org.springframework.beans.factory.xml.XmlBeanDefinitionReader - Loading XML bean definitions from URL [file:/Users/apple/mq/ga-web/target/classes/rabbitmq-product.xml]
2016-08-15 21:54:59,655 [main] INFO  org.springframework.context.support.GenericApplicationContext - Refreshing org.springframework.context.support.GenericApplicationContext@71423665: startup date [Mon Aug 15 21:54:59 CST 2016]; root of context hierarchy
2016-08-15 21:54:59,812 [main] INFO  org.springframework.beans.factory.config.PropertyPlaceholderConfigurer - Loading properties file from class path resource [config-dev.properties]
2016-08-15 21:55:00,933 [main] INFO  com.alibaba.druid.pool.DruidDataSource - {dataSource-1} inited
2016-08-15 21:55:02,269 [main] INFO  org.springframework.amqp.rabbit.connection.CachingConnectionFactory - Created new connection: SimpleConnection@20f5281c [delegate=amqp://yangjinjing@172.168.83.201:5672/]
2016-08-15 21:55:02,329 [Thread-2] INFO  org.springframework.context.support.GenericApplicationContext - Closing org.springframework.context.support.GenericApplicationContext@71423665: startup date [Mon Aug 15 21:54:59 CST 2016]; root of context hierarchy
2016-08-15 21:55:02,351 [Thread-2] WARN  org.springframework.beans.factory.support.DisposableBeanAdapter - Invocation of destroy method 'close' failed on bean with name 'sqlSession': java.lang.UnsupportedOperationException: Manual close is not allowed over a Spring managed SqlSession
2016-08-15 21:55:02,360 [Thread-2] INFO  com.alibaba.druid.pool.DruidDataSource - {dataSource-1} closed
2016-08-15 21:56:32,181 [main] INFO  org.springframework.test.context.support.DefaultTestContextBootstrapper - Loaded default TestExecutionListener class names from location [META-INF/spring.factories]: [org.springframework.test.context.web.ServletTestExecutionListener, org.springframework.test.context.support.DependencyInjectionTestExecutionListener, org.springframework.test.context.support.DirtiesContextTestExecutionListener, org.springframework.test.context.transaction.TransactionalTestExecutionListener, org.springframework.test.context.jdbc.SqlScriptsTestExecutionListener]
2016-08-15 21:56:32,200 [main] INFO  org.springframework.test.context.support.DefaultTestContextBootstrapper - Could not instantiate TestExecutionListener [org.springframework.test.context.web.ServletTestExecutionListener]. Specify custom listener classes or make the default listener classes (and their required dependencies) available. Offending class: [javax/servlet/ServletContext]
2016-08-15 21:56:32,205 [main] INFO  org.springframework.test.context.support.DefaultTestContextBootstrapper - Using TestExecutionListeners: [org.springframework.test.context.support.DependencyInjectionTestExecutionListener@42e26948, org.springframework.test.context.support.DirtiesContextTestExecutionListener@57baeedf, org.springframework.test.context.transaction.TransactionalTestExecutionListener@343f4d3d, org.springframework.test.context.jdbc.SqlScriptsTestExecutionListener@53b32d7]
2016-08-15 21:56:32,405 [main] INFO  org.springframework.beans.factory.xml.XmlBeanDefinitionReader - Loading XML bean definitions from URL [file:/Users/apple/mq/ga-web/target/classes/spring/applicationContext.xml]
2016-08-15 21:56:32,836 [main] INFO  org.springframework.beans.factory.xml.XmlBeanDefinitionReader - Loading XML bean definitions from URL [file:/Users/apple/mq/ga-web/target/classes/spring/applicationContext-datasource.xml]
2016-08-15 21:56:32,914 [main] INFO  org.springframework.beans.factory.xml.XmlBeanDefinitionReader - Loading XML bean definitions from URL [file:/Users/apple/mq/ga-web/target/classes/spring/applicationContext-service.xml]
2016-08-15 21:56:32,944 [main] INFO  org.springframework.beans.factory.xml.XmlBeanDefinitionReader - Loading XML bean definitions from URL [file:/Users/apple/mq/ga-web/target/classes/rabbitmq-product.xml]
2016-08-15 21:56:35,993 [main] INFO  org.springframework.context.support.GenericApplicationContext - Refreshing org.springframework.context.support.GenericApplicationContext@71423665: startup date [Mon Aug 15 21:56:35 CST 2016]; root of context hierarchy
2016-08-15 21:56:36,147 [main] INFO  org.springframework.beans.factory.config.PropertyPlaceholderConfigurer - Loading properties file from class path resource [config-dev.properties]
2016-08-15 21:56:36,821 [main] INFO  com.alibaba.druid.pool.DruidDataSource - {dataSource-1} inited
2016-08-15 21:56:37,677 [main] INFO  org.springframework.amqp.rabbit.connection.CachingConnectionFactory - Created new connection: SimpleConnection@20f5281c [delegate=amqp://yangjinjing@172.168.83.201:5672/]
2016-08-15 21:56:37,771 [Thread-2] INFO  org.springframework.context.support.GenericApplicationContext - Closing org.springframework.context.support.GenericApplicationContext@71423665: startup date [Mon Aug 15 21:56:35 CST 2016]; root of context hierarchy
2016-08-15 21:56:37,802 [Thread-2] WARN  org.springframework.beans.factory.support.DisposableBeanAdapter - Invocation of destroy method 'close' failed on bean with name 'sqlSession': java.lang.UnsupportedOperationException: Manual close is not allowed over a Spring managed SqlSession
2016-08-15 21:56:37,809 [Thread-2] INFO  com.alibaba.druid.pool.DruidDataSource - {dataSource-1} closed
2016-08-15 21:58:08,987 [main] INFO  org.springframework.test.context.support.DefaultTestContextBootstrapper - Loaded default TestExecutionListener class names from location [META-INF/spring.factories]: [org.springframework.test.context.web.ServletTestExecutionListener, org.springframework.test.context.support.DependencyInjectionTestExecutionListener, org.springframework.test.context.support.DirtiesContextTestExecutionListener, org.springframework.test.context.transaction.TransactionalTestExecutionListener, org.springframework.test.context.jdbc.SqlScriptsTestExecutionListener]
2016-08-15 21:58:09,009 [main] INFO  org.springframework.test.context.support.DefaultTestContextBootstrapper - Could not instantiate TestExecutionListener [org.springframework.test.context.web.ServletTestExecutionListener]. Specify custom listener classes or make the default listener classes (and their required dependencies) available. Offending class: [javax/servlet/ServletContext]
2016-08-15 21:58:09,016 [main] INFO  org.springframework.test.context.support.DefaultTestContextBootstrapper - Using TestExecutionListeners: [org.springframework.test.context.support.DependencyInjectionTestExecutionListener@42e26948, org.springframework.test.context.support.DirtiesContextTestExecutionListener@57baeedf, org.springframework.test.context.transaction.TransactionalTestExecutionListener@343f4d3d, org.springframework.test.context.jdbc.SqlScriptsTestExecutionListener@53b32d7]
2016-08-15 21:58:09,239 [main] INFO  org.springframework.beans.factory.xml.XmlBeanDefinitionReader - Loading XML bean definitions from URL [file:/Users/apple/mq/ga-web/target/classes/spring/applicationContext.xml]
2016-08-15 21:58:09,640 [main] INFO  org.springframework.beans.factory.xml.XmlBeanDefinitionReader - Loading XML bean definitions from URL [file:/Users/apple/mq/ga-web/target/classes/spring/applicationContext-datasource.xml]
2016-08-15 21:58:09,809 [main] INFO  org.springframework.beans.factory.xml.XmlBeanDefinitionReader - Loading XML bean definitions from URL [file:/Users/apple/mq/ga-web/target/classes/spring/applicationContext-service.xml]
2016-08-15 21:58:09,871 [main] INFO  org.springframework.beans.factory.xml.XmlBeanDefinitionReader - Loading XML bean definitions from URL [file:/Users/apple/mq/ga-web/target/classes/rabbitmq-product.xml]
2016-08-15 21:58:10,710 [main] INFO  org.springframework.context.support.GenericApplicationContext - Refreshing org.springframework.context.support.GenericApplicationContext@71423665: startup date [Mon Aug 15 21:58:10 CST 2016]; root of context hierarchy
2016-08-15 21:58:10,884 [main] INFO  org.springframework.beans.factory.config.PropertyPlaceholderConfigurer - Loading properties file from class path resource [config-dev.properties]
2016-08-15 21:58:11,547 [main] INFO  com.alibaba.druid.pool.DruidDataSource - {dataSource-1} inited
2016-08-15 21:58:12,472 [main] INFO  org.springframework.amqp.rabbit.connection.CachingConnectionFactory - Created new connection: SimpleConnection@20f5281c [delegate=amqp://yangjinjing@172.168.83.201:5672/]
2016-08-15 21:58:12,582 [Thread-2] INFO  org.springframework.context.support.GenericApplicationContext - Closing org.springframework.context.support.GenericApplicationContext@71423665: startup date [Mon Aug 15 21:58:10 CST 2016]; root of context hierarchy
2016-08-15 21:58:12,596 [Thread-2] WARN  org.springframework.beans.factory.support.DisposableBeanAdapter - Invocation of destroy method 'close' failed on bean with name 'sqlSession': java.lang.UnsupportedOperationException: Manual close is not allowed over a Spring managed SqlSession
2016-08-15 21:58:12,603 [Thread-2] INFO  com.alibaba.druid.pool.DruidDataSource - {dataSource-1} closed
2016-08-15 21:58:35,276 [main] INFO  org.springframework.test.context.support.DefaultTestContextBootstrapper - Loaded default TestExecutionListener class names from location [META-INF/spring.factories]: [org.springframework.test.context.web.ServletTestExecutionListener, org.springframework.test.context.support.DependencyInjectionTestExecutionListener, org.springframework.test.context.support.DirtiesContextTestExecutionListener, org.springframework.test.context.transaction.TransactionalTestExecutionListener, org.springframework.test.context.jdbc.SqlScriptsTestExecutionListener]
2016-08-15 21:58:35,287 [main] INFO  org.springframework.test.context.support.DefaultTestContextBootstrapper - Could not instantiate TestExecutionListener [org.springframework.test.context.web.ServletTestExecutionListener]. Specify custom listener classes or make the default listener classes (and their required dependencies) available. Offending class: [javax/servlet/ServletContext]
2016-08-15 21:58:35,304 [main] INFO  org.springframework.test.context.support.DefaultTestContextBootstrapper - Using TestExecutionListeners: [org.springframework.test.context.support.DependencyInjectionTestExecutionListener@685cb137, org.springframework.test.context.support.DirtiesContextTestExecutionListener@6a41eaa2, org.springframework.test.context.transaction.TransactionalTestExecutionListener@7cd62f43, org.springframework.test.context.jdbc.SqlScriptsTestExecutionListener@6d4b1c02]
2016-08-15 21:58:35,534 [main] INFO  org.springframework.beans.factory.xml.XmlBeanDefinitionReader - Loading XML bean definitions from URL [file:/Users/apple/mq/ga-web/target/classes/spring/applicationContext.xml]
2016-08-15 21:58:35,942 [main] INFO  org.springframework.beans.factory.xml.XmlBeanDefinitionReader - Loading XML bean definitions from URL [file:/Users/apple/mq/ga-web/target/classes/spring/applicationContext-datasource.xml]
2016-08-15 21:58:36,019 [main] INFO  org.springframework.beans.factory.xml.XmlBeanDefinitionReader - Loading XML bean definitions from URL [file:/Users/apple/mq/ga-web/target/classes/spring/applicationContext-service.xml]
2016-08-15 21:58:36,071 [main] INFO  org.springframework.beans.factory.xml.XmlBeanDefinitionReader - Loading XML bean definitions from URL [file:/Users/apple/mq/ga-web/target/classes/rabbitmq-product.xml]
2016-08-15 21:58:37,081 [main] INFO  org.springframework.context.support.GenericApplicationContext - Refreshing org.springframework.context.support.GenericApplicationContext@4e1d422d: startup date [Mon Aug 15 21:58:37 CST 2016]; root of context hierarchy
2016-08-15 21:58:37,232 [main] INFO  org.springframework.beans.factory.config.PropertyPlaceholderConfigurer - Loading properties file from class path resource [config-dev.properties]
2016-08-15 21:58:37,957 [main] INFO  com.alibaba.druid.pool.DruidDataSource - {dataSource-1} inited
2016-08-15 21:58:38,810 [main] INFO  org.springframework.amqp.rabbit.connection.CachingConnectionFactory - Created new connection: SimpleConnection@3148f668 [delegate=amqp://yangjinjing@172.168.83.201:5672/]
2016-08-15 21:58:38,899 [Thread-2] INFO  org.springframework.context.support.GenericApplicationContext - Closing org.springframework.context.support.GenericApplicationContext@4e1d422d: startup date [Mon Aug 15 21:58:37 CST 2016]; root of context hierarchy
2016-08-15 21:58:38,929 [Thread-2] WARN  org.springframework.beans.factory.support.DisposableBeanAdapter - Invocation of destroy method 'close' failed on bean with name 'sqlSession': java.lang.UnsupportedOperationException: Manual close is not allowed over a Spring managed SqlSession
2016-08-15 21:58:38,935 [Thread-2] INFO  com.alibaba.druid.pool.DruidDataSource - {dataSource-1} closed
2016-08-15 21:59:38,702 [main] INFO  org.springframework.test.context.support.DefaultTestContextBootstrapper - Loaded default TestExecutionListener class names from location [META-INF/spring.factories]: [org.springframework.test.context.web.ServletTestExecutionListener, org.springframework.test.context.support.DependencyInjectionTestExecutionListener, org.springframework.test.context.support.DirtiesContextTestExecutionListener, org.springframework.test.context.transaction.TransactionalTestExecutionListener, org.springframework.test.context.jdbc.SqlScriptsTestExecutionListener]
2016-08-15 21:59:38,731 [main] INFO  org.springframework.test.context.support.DefaultTestContextBootstrapper - Could not instantiate TestExecutionListener [org.springframework.test.context.web.ServletTestExecutionListener]. Specify custom listener classes or make the default listener classes (and their required dependencies) available. Offending class: [javax/servlet/ServletContext]
2016-08-15 21:59:38,737 [main] INFO  org.springframework.test.context.support.DefaultTestContextBootstrapper - Using TestExecutionListeners: [org.springframework.test.context.support.DependencyInjectionTestExecutionListener@42e26948, org.springframework.test.context.support.DirtiesContextTestExecutionListener@57baeedf, org.springframework.test.context.transaction.TransactionalTestExecutionListener@343f4d3d, org.springframework.test.context.jdbc.SqlScriptsTestExecutionListener@53b32d7]
2016-08-15 21:59:39,007 [main] INFO  org.springframework.beans.factory.xml.XmlBeanDefinitionReader - Loading XML bean definitions from URL [file:/Users/apple/mq/ga-web/target/classes/spring/applicationContext.xml]
2016-08-15 21:59:39,537 [main] INFO  org.springframework.beans.factory.xml.XmlBeanDefinitionReader - Loading XML bean definitions from URL [file:/Users/apple/mq/ga-web/target/classes/spring/applicationContext-datasource.xml]
2016-08-15 21:59:39,677 [main] INFO  org.springframework.beans.factory.xml.XmlBeanDefinitionReader - Loading XML bean definitions from URL [file:/Users/apple/mq/ga-web/target/classes/spring/applicationContext-service.xml]
2016-08-15 21:59:39,747 [main] INFO  org.springframework.beans.factory.xml.XmlBeanDefinitionReader - Loading XML bean definitions from URL [file:/Users/apple/mq/ga-web/target/classes/rabbitmq-product.xml]
2016-08-15 21:59:41,409 [main] INFO  org.springframework.context.support.GenericApplicationContext - Refreshing org.springframework.context.support.GenericApplicationContext@71423665: startup date [Mon Aug 15 21:59:41 CST 2016]; root of context hierarchy
2016-08-15 21:59:41,583 [main] INFO  org.springframework.beans.factory.config.PropertyPlaceholderConfigurer - Loading properties file from class path resource [config-dev.properties]
2016-08-15 21:59:42,370 [main] INFO  com.alibaba.druid.pool.DruidDataSource - {dataSource-1} inited
2016-08-15 21:59:43,290 [main] INFO  org.springframework.amqp.rabbit.connection.CachingConnectionFactory - Created new connection: SimpleConnection@341814d3 [delegate=amqp://yangjinjing@172.168.83.201:5672/]
2016-08-15 21:59:43,403 [Thread-2] INFO  org.springframework.context.support.GenericApplicationContext - Closing org.springframework.context.support.GenericApplicationContext@71423665: startup date [Mon Aug 15 21:59:41 CST 2016]; root of context hierarchy
2016-08-15 21:59:43,433 [Thread-2] WARN  org.springframework.beans.factory.support.DisposableBeanAdapter - Invocation of destroy method 'close' failed on bean with name 'sqlSession': java.lang.UnsupportedOperationException: Manual close is not allowed over a Spring managed SqlSession
2016-08-15 21:59:43,442 [Thread-2] INFO  com.alibaba.druid.pool.DruidDataSource - {dataSource-1} closed
2016-08-15 22:00:52,740 [main] INFO  org.springframework.test.context.support.DefaultTestContextBootstrapper - Loaded default TestExecutionListener class names from location [META-INF/spring.factories]: [org.springframework.test.context.web.ServletTestExecutionListener, org.springframework.test.context.support.DependencyInjectionTestExecutionListener, org.springframework.test.context.support.DirtiesContextTestExecutionListener, org.springframework.test.context.transaction.TransactionalTestExecutionListener, org.springframework.test.context.jdbc.SqlScriptsTestExecutionListener]
2016-08-15 22:00:52,766 [main] INFO  org.springframework.test.context.support.DefaultTestContextBootstrapper - Could not instantiate TestExecutionListener [org.springframework.test.context.web.ServletTestExecutionListener]. Specify custom listener classes or make the default listener classes (and their required dependencies) available. Offending class: [javax/servlet/ServletContext]
2016-08-15 22:00:52,770 [main] INFO  org.springframework.test.context.support.DefaultTestContextBootstrapper - Using TestExecutionListeners: [org.springframework.test.context.support.DependencyInjectionTestExecutionListener@42e26948, org.springframework.test.context.support.DirtiesContextTestExecutionListener@57baeedf, org.springframework.test.context.transaction.TransactionalTestExecutionListener@343f4d3d, org.springframework.test.context.jdbc.SqlScriptsTestExecutionListener@53b32d7]
2016-08-15 22:00:53,234 [main] INFO  org.springframework.beans.factory.xml.XmlBeanDefinitionReader - Loading XML bean definitions from URL [file:/Users/apple/mq/ga-web/target/classes/spring/applicationContext.xml]
2016-08-15 22:00:54,041 [main] INFO  org.springframework.beans.factory.xml.XmlBeanDefinitionReader - Loading XML bean definitions from URL [file:/Users/apple/mq/ga-web/target/classes/spring/applicationContext-datasource.xml]
2016-08-15 22:00:54,130 [main] INFO  org.springframework.beans.factory.xml.XmlBeanDefinitionReader - Loading XML bean definitions from URL [file:/Users/apple/mq/ga-web/target/classes/spring/applicationContext-service.xml]
2016-08-15 22:00:54,204 [main] INFO  org.springframework.beans.factory.xml.XmlBeanDefinitionReader - Loading XML bean definitions from URL [file:/Users/apple/mq/ga-web/target/classes/rabbitmq-product.xml]
2016-08-15 22:00:55,793 [main] INFO  org.springframework.context.support.GenericApplicationContext - Refreshing org.springframework.context.support.GenericApplicationContext@71423665: startup date [Mon Aug 15 22:00:55 CST 2016]; root of context hierarchy
2016-08-15 22:00:55,967 [main] INFO  org.springframework.beans.factory.config.PropertyPlaceholderConfigurer - Loading properties file from class path resource [config-dev.properties]
2016-08-15 22:00:56,691 [main] INFO  com.alibaba.druid.pool.DruidDataSource - {dataSource-1} inited
2016-08-15 22:00:57,688 [main] INFO  org.springframework.amqp.rabbit.connection.CachingConnectionFactory - Created new connection: SimpleConnection@119cbf96 [delegate=amqp://yangjinjing@172.168.83.201:5672/]
2016-08-15 22:00:57,820 [Thread-2] INFO  org.springframework.context.support.GenericApplicationContext - Closing org.springframework.context.support.GenericApplicationContext@71423665: startup date [Mon Aug 15 22:00:55 CST 2016]; root of context hierarchy
2016-08-15 22:00:57,833 [Thread-2] WARN  org.springframework.beans.factory.support.DisposableBeanAdapter - Invocation of destroy method 'close' failed on bean with name 'sqlSession': java.lang.UnsupportedOperationException: Manual close is not allowed over a Spring managed SqlSession
2016-08-15 22:00:57,840 [Thread-2] INFO  com.alibaba.druid.pool.DruidDataSource - {dataSource-1} closed
2016-08-15 22:03:28,769 [main] INFO  org.springframework.test.context.support.DefaultTestContextBootstrapper - Loaded default TestExecutionListener class names from location [META-INF/spring.factories]: [org.springframework.test.context.web.ServletTestExecutionListener, org.springframework.test.context.support.DependencyInjectionTestExecutionListener, org.springframework.test.context.support.DirtiesContextTestExecutionListener, org.springframework.test.context.transaction.TransactionalTestExecutionListener, org.springframework.test.context.jdbc.SqlScriptsTestExecutionListener]
2016-08-15 22:03:28,796 [main] INFO  org.springframework.test.context.support.DefaultTestContextBootstrapper - Could not instantiate TestExecutionListener [org.springframework.test.context.web.ServletTestExecutionListener]. Specify custom listener classes or make the default listener classes (and their required dependencies) available. Offending class: [javax/servlet/ServletContext]
2016-08-15 22:03:28,802 [main] INFO  org.springframework.test.context.support.DefaultTestContextBootstrapper - Using TestExecutionListeners: [org.springframework.test.context.support.DependencyInjectionTestExecutionListener@42e26948, org.springframework.test.context.support.DirtiesContextTestExecutionListener@57baeedf, org.springframework.test.context.transaction.TransactionalTestExecutionListener@343f4d3d, org.springframework.test.context.jdbc.SqlScriptsTestExecutionListener@53b32d7]
2016-08-15 22:03:29,069 [main] INFO  org.springframework.beans.factory.xml.XmlBeanDefinitionReader - Loading XML bean definitions from URL [file:/Users/apple/mq/ga-web/target/classes/spring/applicationContext.xml]
2016-08-15 22:03:29,696 [main] INFO  org.springframework.beans.factory.xml.XmlBeanDefinitionReader - Loading XML bean definitions from URL [file:/Users/apple/mq/ga-web/target/classes/spring/applicationContext-datasource.xml]
2016-08-15 22:03:29,796 [main] INFO  org.springframework.beans.factory.xml.XmlBeanDefinitionReader - Loading XML bean definitions from URL [file:/Users/apple/mq/ga-web/target/classes/spring/applicationContext-service.xml]
2016-08-15 22:03:29,865 [main] INFO  org.springframework.beans.factory.xml.XmlBeanDefinitionReader - Loading XML bean definitions from URL [file:/Users/apple/mq/ga-web/target/classes/rabbitmq-product.xml]
2016-08-15 22:03:33,467 [main] INFO  org.springframework.context.support.GenericApplicationContext - Refreshing org.springframework.context.support.GenericApplicationContext@71423665: startup date [Mon Aug 15 22:03:33 CST 2016]; root of context hierarchy
2016-08-15 22:03:33,800 [main] INFO  org.springframework.beans.factory.config.PropertyPlaceholderConfigurer - Loading properties file from class path resource [config-dev.properties]
2016-08-15 22:03:34,578 [main] INFO  com.alibaba.druid.pool.DruidDataSource - {dataSource-1} inited
2016-08-15 22:03:35,291 [main] INFO  org.springframework.amqp.rabbit.connection.CachingConnectionFactory - Created new connection: SimpleConnection@119cbf96 [delegate=amqp://yangjinjing@172.168.83.201:5672/]
2016-08-15 22:03:35,358 [Thread-2] INFO  org.springframework.context.support.GenericApplicationContext - Closing org.springframework.context.support.GenericApplicationContext@71423665: startup date [Mon Aug 15 22:03:33 CST 2016]; root of context hierarchy
2016-08-15 22:03:35,375 [Thread-2] WARN  org.springframework.beans.factory.support.DisposableBeanAdapter - Invocation of destroy method 'close' failed on bean with name 'sqlSession': java.lang.UnsupportedOperationException: Manual close is not allowed over a Spring managed SqlSession
2016-08-15 22:03:35,384 [Thread-2] INFO  com.alibaba.druid.pool.DruidDataSource - {dataSource-1} closed
2016-08-15 22:07:44,598 [main] INFO  org.springframework.test.context.support.DefaultTestContextBootstrapper - Loaded default TestExecutionListener class names from location [META-INF/spring.factories]: [org.springframework.test.context.web.ServletTestExecutionListener, org.springframework.test.context.support.DependencyInjectionTestExecutionListener, org.springframework.test.context.support.DirtiesContextTestExecutionListener, org.springframework.test.context.transaction.TransactionalTestExecutionListener, org.springframework.test.context.jdbc.SqlScriptsTestExecutionListener]
2016-08-15 22:07:44,620 [main] INFO  org.springframework.test.context.support.DefaultTestContextBootstrapper - Could not instantiate TestExecutionListener [org.springframework.test.context.web.ServletTestExecutionListener]. Specify custom listener classes or make the default listener classes (and their required dependencies) available. Offending class: [javax/servlet/ServletContext]
2016-08-15 22:07:44,625 [main] INFO  org.springframework.test.context.support.DefaultTestContextBootstrapper - Using TestExecutionListeners: [org.springframework.test.context.support.DependencyInjectionTestExecutionListener@42e26948, org.springframework.test.context.support.DirtiesContextTestExecutionListener@57baeedf, org.springframework.test.context.transaction.TransactionalTestExecutionListener@343f4d3d, org.springframework.test.context.jdbc.SqlScriptsTestExecutionListener@53b32d7]
2016-08-15 22:07:44,805 [main] INFO  org.springframework.beans.factory.xml.XmlBeanDefinitionReader - Loading XML bean definitions from URL [file:/Users/apple/mq/ga-web/target/classes/spring/applicationContext.xml]
2016-08-15 22:07:45,267 [main] INFO  org.springframework.beans.factory.xml.XmlBeanDefinitionReader - Loading XML bean definitions from URL [file:/Users/apple/mq/ga-web/target/classes/spring/applicationContext-datasource.xml]
2016-08-15 22:07:45,334 [main] INFO  org.springframework.beans.factory.xml.XmlBeanDefinitionReader - Loading XML bean definitions from URL [file:/Users/apple/mq/ga-web/target/classes/spring/applicationContext-service.xml]
2016-08-15 22:07:45,382 [main] INFO  org.springframework.beans.factory.xml.XmlBeanDefinitionReader - Loading XML bean definitions from URL [file:/Users/apple/mq/ga-web/target/classes/rabbitmq-product.xml]
2016-08-15 22:07:47,626 [main] INFO  org.springframework.context.support.GenericApplicationContext - Refreshing org.springframework.context.support.GenericApplicationContext@71423665: startup date [Mon Aug 15 22:07:47 CST 2016]; root of context hierarchy
2016-08-15 22:07:47,785 [main] INFO  org.springframework.beans.factory.config.PropertyPlaceholderConfigurer - Loading properties file from class path resource [config-dev.properties]
2016-08-15 22:07:48,545 [main] INFO  com.alibaba.druid.pool.DruidDataSource - {dataSource-1} inited
2016-08-15 22:07:49,570 [main] INFO  org.springframework.amqp.rabbit.connection.CachingConnectionFactory - Created new connection: SimpleConnection@119cbf96 [delegate=amqp://yangjinjing@172.168.83.201:5672/]
2016-08-15 22:07:49,810 [Thread-2] INFO  org.springframework.context.support.GenericApplicationContext - Closing org.springframework.context.support.GenericApplicationContext@71423665: startup date [Mon Aug 15 22:07:47 CST 2016]; root of context hierarchy
2016-08-15 22:07:49,826 [Thread-2] WARN  org.springframework.beans.factory.support.DisposableBeanAdapter - Invocation of destroy method 'close' failed on bean with name 'sqlSession': java.lang.UnsupportedOperationException: Manual close is not allowed over a Spring managed SqlSession
2016-08-15 22:07:49,835 [Thread-2] INFO  com.alibaba.druid.pool.DruidDataSource - {dataSource-1} closed
2016-08-15 22:09:08,289 [main] INFO  org.springframework.test.context.support.DefaultTestContextBootstrapper - Loaded default TestExecutionListener class names from location [META-INF/spring.factories]: [org.springframework.test.context.web.ServletTestExecutionListener, org.springframework.test.context.support.DependencyInjectionTestExecutionListener, org.springframework.test.context.support.DirtiesContextTestExecutionListener, org.springframework.test.context.transaction.TransactionalTestExecutionListener, org.springframework.test.context.jdbc.SqlScriptsTestExecutionListener]
2016-08-15 22:09:08,315 [main] INFO  org.springframework.test.context.support.DefaultTestContextBootstrapper - Could not instantiate TestExecutionListener [org.springframework.test.context.web.ServletTestExecutionListener]. Specify custom listener classes or make the default listener classes (and their required dependencies) available. Offending class: [javax/servlet/ServletContext]
2016-08-15 22:09:08,322 [main] INFO  org.springframework.test.context.support.DefaultTestContextBootstrapper - Using TestExecutionListeners: [org.springframework.test.context.support.DependencyInjectionTestExecutionListener@42e26948, org.springframework.test.context.support.DirtiesContextTestExecutionListener@57baeedf, org.springframework.test.context.transaction.TransactionalTestExecutionListener@343f4d3d, org.springframework.test.context.jdbc.SqlScriptsTestExecutionListener@53b32d7]
2016-08-15 22:09:08,569 [main] INFO  org.springframework.beans.factory.xml.XmlBeanDefinitionReader - Loading XML bean definitions from URL [file:/Users/apple/mq/ga-web/target/classes/spring/applicationContext.xml]
2016-08-15 22:09:09,056 [main] INFO  org.springframework.beans.factory.xml.XmlBeanDefinitionReader - Loading XML bean definitions from URL [file:/Users/apple/mq/ga-web/target/classes/spring/applicationContext-datasource.xml]
2016-08-15 22:09:09,134 [main] INFO  org.springframework.beans.factory.xml.XmlBeanDefinitionReader - Loading XML bean definitions from URL [file:/Users/apple/mq/ga-web/target/classes/spring/applicationContext-service.xml]
2016-08-15 22:09:09,159 [main] INFO  org.springframework.beans.factory.xml.XmlBeanDefinitionReader - Loading XML bean definitions from URL [file:/Users/apple/mq/ga-web/target/classes/rabbitmq-product.xml]
2016-08-15 22:09:13,545 [main] INFO  org.springframework.context.support.GenericApplicationContext - Refreshing org.springframework.context.support.GenericApplicationContext@71423665: startup date [Mon Aug 15 22:09:13 CST 2016]; root of context hierarchy
2016-08-15 22:09:13,709 [main] INFO  org.springframework.beans.factory.config.PropertyPlaceholderConfigurer - Loading properties file from class path resource [config-dev.properties]
2016-08-15 22:09:14,397 [main] INFO  com.alibaba.druid.pool.DruidDataSource - {dataSource-1} inited
2016-08-15 22:09:15,149 [main] INFO  org.springframework.amqp.rabbit.connection.CachingConnectionFactory - Created new connection: SimpleConnection@119cbf96 [delegate=amqp://yangjinjing@172.168.83.201:5672/]
2016-08-15 22:09:15,296 [Thread-2] INFO  org.springframework.context.support.GenericApplicationContext - Closing org.springframework.context.support.GenericApplicationContext@71423665: startup date [Mon Aug 15 22:09:13 CST 2016]; root of context hierarchy
2016-08-15 22:09:15,327 [Thread-2] WARN  org.springframework.beans.factory.support.DisposableBeanAdapter - Invocation of destroy method 'close' failed on bean with name 'sqlSession': java.lang.UnsupportedOperationException: Manual close is not allowed over a Spring managed SqlSession
2016-08-15 22:09:15,334 [Thread-2] INFO  com.alibaba.druid.pool.DruidDataSource - {dataSource-1} closed
2016-08-15 22:10:20,827 [main] INFO  org.springframework.test.context.support.DefaultTestContextBootstrapper - Loaded default TestExecutionListener class names from location [META-INF/spring.factories]: [org.springframework.test.context.web.ServletTestExecutionListener, org.springframework.test.context.support.DependencyInjectionTestExecutionListener, org.springframework.test.context.support.DirtiesContextTestExecutionListener, org.springframework.test.context.transaction.TransactionalTestExecutionListener, org.springframework.test.context.jdbc.SqlScriptsTestExecutionListener]
2016-08-15 22:10:20,846 [main] INFO  org.springframework.test.context.support.DefaultTestContextBootstrapper - Could not instantiate TestExecutionListener [org.springframework.test.context.web.ServletTestExecutionListener]. Specify custom listener classes or make the default listener classes (and their required dependencies) available. Offending class: [javax/servlet/ServletContext]
2016-08-15 22:10:20,851 [main] INFO  org.springframework.test.context.support.DefaultTestContextBootstrapper - Using TestExecutionListeners: [org.springframework.test.context.support.DependencyInjectionTestExecutionListener@42e26948, org.springframework.test.context.support.DirtiesContextTestExecutionListener@57baeedf, org.springframework.test.context.transaction.TransactionalTestExecutionListener@343f4d3d, org.springframework.test.context.jdbc.SqlScriptsTestExecutionListener@53b32d7]
2016-08-15 22:10:21,031 [main] INFO  org.springframework.beans.factory.xml.XmlBeanDefinitionReader - Loading XML bean definitions from URL [file:/Users/apple/mq/ga-web/target/classes/spring/applicationContext.xml]
2016-08-15 22:10:21,509 [main] INFO  org.springframework.beans.factory.xml.XmlBeanDefinitionReader - Loading XML bean definitions from URL [file:/Users/apple/mq/ga-web/target/classes/spring/applicationContext-datasource.xml]
2016-08-15 22:10:21,601 [main] INFO  org.springframework.beans.factory.xml.XmlBeanDefinitionReader - Loading XML bean definitions from URL [file:/Users/apple/mq/ga-web/target/classes/spring/applicationContext-service.xml]
2016-08-15 22:10:21,653 [main] INFO  org.springframework.beans.factory.xml.XmlBeanDefinitionReader - Loading XML bean definitions from URL [file:/Users/apple/mq/ga-web/target/classes/rabbitmq-product.xml]
2016-08-15 22:10:26,978 [main] INFO  org.springframework.context.support.GenericApplicationContext - Refreshing org.springframework.context.support.GenericApplicationContext@71423665: startup date [Mon Aug 15 22:10:26 CST 2016]; root of context hierarchy
2016-08-15 22:10:27,138 [main] INFO  org.springframework.beans.factory.config.PropertyPlaceholderConfigurer - Loading properties file from class path resource [config-dev.properties]
2016-08-15 22:10:27,870 [main] INFO  com.alibaba.druid.pool.DruidDataSource - {dataSource-1} inited
2016-08-15 22:10:28,605 [main] INFO  org.springframework.amqp.rabbit.connection.CachingConnectionFactory - Created new connection: SimpleConnection@119cbf96 [delegate=amqp://yangjinjing@172.168.83.201:5672/]
2016-08-15 22:10:28,680 [Thread-2] INFO  org.springframework.context.support.GenericApplicationContext - Closing org.springframework.context.support.GenericApplicationContext@71423665: startup date [Mon Aug 15 22:10:26 CST 2016]; root of context hierarchy
2016-08-15 22:10:28,698 [Thread-2] WARN  org.springframework.beans.factory.support.DisposableBeanAdapter - Invocation of destroy method 'close' failed on bean with name 'sqlSession': java.lang.UnsupportedOperationException: Manual close is not allowed over a Spring managed SqlSession
2016-08-15 22:10:28,706 [Thread-2] INFO  com.alibaba.druid.pool.DruidDataSource - {dataSource-1} closed
2016-08-15 22:11:47,469 [main] INFO  org.springframework.test.context.support.DefaultTestContextBootstrapper - Loaded default TestExecutionListener class names from location [META-INF/spring.factories]: [org.springframework.test.context.web.ServletTestExecutionListener, org.springframework.test.context.support.DependencyInjectionTestExecutionListener, org.springframework.test.context.support.DirtiesContextTestExecutionListener, org.springframework.test.context.transaction.TransactionalTestExecutionListener, org.springframework.test.context.jdbc.SqlScriptsTestExecutionListener]
2016-08-15 22:11:47,517 [main] INFO  org.springframework.test.context.support.DefaultTestContextBootstrapper - Could not instantiate TestExecutionListener [org.springframework.test.context.web.ServletTestExecutionListener]. Specify custom listener classes or make the default listener classes (and their required dependencies) available. Offending class: [javax/servlet/ServletContext]
2016-08-15 22:11:47,529 [main] INFO  org.springframework.test.context.support.DefaultTestContextBootstrapper - Using TestExecutionListeners: [org.springframework.test.context.support.DependencyInjectionTestExecutionListener@42e26948, org.springframework.test.context.support.DirtiesContextTestExecutionListener@57baeedf, org.springframework.test.context.transaction.TransactionalTestExecutionListener@343f4d3d, org.springframework.test.context.jdbc.SqlScriptsTestExecutionListener@53b32d7]
2016-08-15 22:11:47,788 [main] INFO  org.springframework.beans.factory.xml.XmlBeanDefinitionReader - Loading XML bean definitions from URL [file:/Users/apple/mq/ga-web/target/classes/spring/applicationContext.xml]
2016-08-15 22:11:48,373 [main] INFO  org.springframework.beans.factory.xml.XmlBeanDefinitionReader - Loading XML bean definitions from URL [file:/Users/apple/mq/ga-web/target/classes/spring/applicationContext-datasource.xml]
2016-08-15 22:11:48,496 [main] INFO  org.springframework.beans.factory.xml.XmlBeanDefinitionReader - Loading XML bean definitions from URL [file:/Users/apple/mq/ga-web/target/classes/spring/applicationContext-service.xml]
2016-08-15 22:11:48,602 [main] INFO  org.springframework.beans.factory.xml.XmlBeanDefinitionReader - Loading XML bean definitions from URL [file:/Users/apple/mq/ga-web/target/classes/rabbitmq-product.xml]
2016-08-15 22:11:50,398 [main] INFO  org.springframework.context.support.GenericApplicationContext - Refreshing org.springframework.context.support.GenericApplicationContext@71423665: startup date [Mon Aug 15 22:11:50 CST 2016]; root of context hierarchy
2016-08-15 22:11:50,579 [main] INFO  org.springframework.beans.factory.config.PropertyPlaceholderConfigurer - Loading properties file from class path resource [config-dev.properties]
2016-08-15 22:11:51,337 [main] INFO  com.alibaba.druid.pool.DruidDataSource - {dataSource-1} inited
2016-08-15 22:11:52,232 [main] INFO  org.springframework.amqp.rabbit.connection.CachingConnectionFactory - Created new connection: SimpleConnection@119cbf96 [delegate=amqp://yangjinjing@172.168.83.201:5672/]
2016-08-15 22:11:52,513 [Thread-2] INFO  org.springframework.context.support.GenericApplicationContext - Closing org.springframework.context.support.GenericApplicationContext@71423665: startup date [Mon Aug 15 22:11:50 CST 2016]; root of context hierarchy
2016-08-15 22:11:52,577 [Thread-2] WARN  org.springframework.beans.factory.support.DisposableBeanAdapter - Invocation of destroy method 'close' failed on bean with name 'sqlSession': java.lang.UnsupportedOperationException: Manual close is not allowed over a Spring managed SqlSession
2016-08-15 22:11:52,587 [Thread-2] INFO  com.alibaba.druid.pool.DruidDataSource - {dataSource-1} closed
2016-08-15 22:12:23,884 [main] INFO  org.springframework.test.context.support.DefaultTestContextBootstrapper - Loaded default TestExecutionListener class names from location [META-INF/spring.factories]: [org.springframework.test.context.web.ServletTestExecutionListener, org.springframework.test.context.support.DependencyInjectionTestExecutionListener, org.springframework.test.context.support.DirtiesContextTestExecutionListener, org.springframework.test.context.transaction.TransactionalTestExecutionListener, org.springframework.test.context.jdbc.SqlScriptsTestExecutionListener]
2016-08-15 22:12:23,902 [main] INFO  org.springframework.test.context.support.DefaultTestContextBootstrapper - Could not instantiate TestExecutionListener [org.springframework.test.context.web.ServletTestExecutionListener]. Specify custom listener classes or make the default listener classes (and their required dependencies) available. Offending class: [javax/servlet/ServletContext]
2016-08-15 22:12:23,908 [main] INFO  org.springframework.test.context.support.DefaultTestContextBootstrapper - Using TestExecutionListeners: [org.springframework.test.context.support.DependencyInjectionTestExecutionListener@42e26948, org.springframework.test.context.support.DirtiesContextTestExecutionListener@57baeedf, org.springframework.test.context.transaction.TransactionalTestExecutionListener@343f4d3d, org.springframework.test.context.jdbc.SqlScriptsTestExecutionListener@53b32d7]
2016-08-15 22:12:24,169 [main] INFO  org.springframework.beans.factory.xml.XmlBeanDefinitionReader - Loading XML bean definitions from URL [file:/Users/apple/mq/ga-web/target/classes/spring/applicationContext.xml]
2016-08-15 22:12:24,749 [main] INFO  org.springframework.beans.factory.xml.XmlBeanDefinitionReader - Loading XML bean definitions from URL [file:/Users/apple/mq/ga-web/target/classes/spring/applicationContext-datasource.xml]
2016-08-15 22:12:24,827 [main] INFO  org.springframework.beans.factory.xml.XmlBeanDefinitionReader - Loading XML bean definitions from URL [file:/Users/apple/mq/ga-web/target/classes/spring/applicationContext-service.xml]
2016-08-15 22:12:24,857 [main] INFO  org.springframework.beans.factory.xml.XmlBeanDefinitionReader - Loading XML bean definitions from URL [file:/Users/apple/mq/ga-web/target/classes/rabbitmq-product.xml]
2016-08-15 22:12:25,880 [main] INFO  org.springframework.context.support.GenericApplicationContext - Refreshing org.springframework.context.support.GenericApplicationContext@71423665: startup date [Mon Aug 15 22:12:25 CST 2016]; root of context hierarchy
2016-08-15 22:12:26,211 [main] INFO  org.springframework.beans.factory.config.PropertyPlaceholderConfigurer - Loading properties file from class path resource [config-dev.properties]
2016-08-15 22:12:26,956 [main] INFO  com.alibaba.druid.pool.DruidDataSource - {dataSource-1} inited
2016-08-15 22:12:27,661 [main] INFO  org.springframework.amqp.rabbit.connection.CachingConnectionFactory - Created new connection: SimpleConnection@119cbf96 [delegate=amqp://yangjinjing@172.168.83.201:5672/]
2016-08-15 22:12:27,740 [Thread-2] INFO  org.springframework.context.support.GenericApplicationContext - Closing org.springframework.context.support.GenericApplicationContext@71423665: startup date [Mon Aug 15 22:12:25 CST 2016]; root of context hierarchy
2016-08-15 22:12:27,764 [Thread-2] WARN  org.springframework.beans.factory.support.DisposableBeanAdapter - Invocation of destroy method 'close' failed on bean with name 'sqlSession': java.lang.UnsupportedOperationException: Manual close is not allowed over a Spring managed SqlSession
2016-08-15 22:12:27,796 [Thread-2] INFO  com.alibaba.druid.pool.DruidDataSource - {dataSource-1} closed
2016-08-15 22:12:48,989 [main] INFO  org.springframework.test.context.support.DefaultTestContextBootstrapper - Loaded default TestExecutionListener class names from location [META-INF/spring.factories]: [org.springframework.test.context.web.ServletTestExecutionListener, org.springframework.test.context.support.DependencyInjectionTestExecutionListener, org.springframework.test.context.support.DirtiesContextTestExecutionListener, org.springframework.test.context.transaction.TransactionalTestExecutionListener, org.springframework.test.context.jdbc.SqlScriptsTestExecutionListener]
2016-08-15 22:12:49,009 [main] INFO  org.springframework.test.context.support.DefaultTestContextBootstrapper - Could not instantiate TestExecutionListener [org.springframework.test.context.web.ServletTestExecutionListener]. Specify custom listener classes or make the default listener classes (and their required dependencies) available. Offending class: [javax/servlet/ServletContext]
2016-08-15 22:12:49,015 [main] INFO  org.springframework.test.context.support.DefaultTestContextBootstrapper - Using TestExecutionListeners: [org.springframework.test.context.support.DependencyInjectionTestExecutionListener@42e26948, org.springframework.test.context.support.DirtiesContextTestExecutionListener@57baeedf, org.springframework.test.context.transaction.TransactionalTestExecutionListener@343f4d3d, org.springframework.test.context.jdbc.SqlScriptsTestExecutionListener@53b32d7]
2016-08-15 22:12:49,243 [main] INFO  org.springframework.beans.factory.xml.XmlBeanDefinitionReader - Loading XML bean definitions from URL [file:/Users/apple/mq/ga-web/target/classes/spring/applicationContext.xml]
2016-08-15 22:12:49,813 [main] INFO  org.springframework.beans.factory.xml.XmlBeanDefinitionReader - Loading XML bean definitions from URL [file:/Users/apple/mq/ga-web/target/classes/spring/applicationContext-datasource.xml]
2016-08-15 22:12:49,888 [main] INFO  org.springframework.beans.factory.xml.XmlBeanDefinitionReader - Loading XML bean definitions from URL [file:/Users/apple/mq/ga-web/target/classes/spring/applicationContext-service.xml]
2016-08-15 22:12:49,952 [main] INFO  org.springframework.beans.factory.xml.XmlBeanDefinitionReader - Loading XML bean definitions from URL [file:/Users/apple/mq/ga-web/target/classes/rabbitmq-product.xml]
2016-08-15 22:12:50,923 [main] INFO  org.springframework.context.support.GenericApplicationContext - Refreshing org.springframework.context.support.GenericApplicationContext@71423665: startup date [Mon Aug 15 22:12:50 CST 2016]; root of context hierarchy
2016-08-15 22:12:51,077 [main] INFO  org.springframework.beans.factory.config.PropertyPlaceholderConfigurer - Loading properties file from class path resource [config-dev.properties]
2016-08-15 22:12:51,783 [main] INFO  com.alibaba.druid.pool.DruidDataSource - {dataSource-1} inited
2016-08-15 22:12:52,520 [main] INFO  org.springframework.amqp.rabbit.connection.CachingConnectionFactory - Created new connection: SimpleConnection@119cbf96 [delegate=amqp://yangjinjing@172.168.83.201:5672/]
2016-08-15 22:12:52,589 [Thread-2] INFO  org.springframework.context.support.GenericApplicationContext - Closing org.springframework.context.support.GenericApplicationContext@71423665: startup date [Mon Aug 15 22:12:50 CST 2016]; root of context hierarchy
2016-08-15 22:12:52,605 [Thread-2] WARN  org.springframework.beans.factory.support.DisposableBeanAdapter - Invocation of destroy method 'close' failed on bean with name 'sqlSession': java.lang.UnsupportedOperationException: Manual close is not allowed over a Spring managed SqlSession
2016-08-15 22:12:52,611 [Thread-2] INFO  com.alibaba.druid.pool.DruidDataSource - {dataSource-1} closed
2016-08-15 22:13:25,587 [main] INFO  org.springframework.test.context.support.DefaultTestContextBootstrapper - Loaded default TestExecutionListener class names from location [META-INF/spring.factories]: [org.springframework.test.context.web.ServletTestExecutionListener, org.springframework.test.context.support.DependencyInjectionTestExecutionListener, org.springframework.test.context.support.DirtiesContextTestExecutionListener, org.springframework.test.context.transaction.TransactionalTestExecutionListener, org.springframework.test.context.jdbc.SqlScriptsTestExecutionListener]
2016-08-15 22:13:25,607 [main] INFO  org.springframework.test.context.support.DefaultTestContextBootstrapper - Could not instantiate TestExecutionListener [org.springframework.test.context.web.ServletTestExecutionListener]. Specify custom listener classes or make the default listener classes (and their required dependencies) available. Offending class: [javax/servlet/ServletContext]
2016-08-15 22:13:25,612 [main] INFO  org.springframework.test.context.support.DefaultTestContextBootstrapper - Using TestExecutionListeners: [org.springframework.test.context.support.DependencyInjectionTestExecutionListener@42e26948, org.springframework.test.context.support.DirtiesContextTestExecutionListener@57baeedf, org.springframework.test.context.transaction.TransactionalTestExecutionListener@343f4d3d, org.springframework.test.context.jdbc.SqlScriptsTestExecutionListener@53b32d7]
2016-08-15 22:13:25,832 [main] INFO  org.springframework.beans.factory.xml.XmlBeanDefinitionReader - Loading XML bean definitions from URL [file:/Users/apple/mq/ga-web/target/classes/spring/applicationContext.xml]
2016-08-15 22:13:26,111 [main] INFO  org.springframework.beans.factory.xml.XmlBeanDefinitionReader - Loading XML bean definitions from URL [file:/Users/apple/mq/ga-web/target/classes/spring/applicationContext-datasource.xml]
2016-08-15 22:13:26,193 [main] INFO  org.springframework.beans.factory.xml.XmlBeanDefinitionReader - Loading XML bean definitions from URL [file:/Users/apple/mq/ga-web/target/classes/spring/applicationContext-service.xml]
2016-08-15 22:13:26,240 [main] INFO  org.springframework.beans.factory.xml.XmlBeanDefinitionReader - Loading XML bean definitions from URL [file:/Users/apple/mq/ga-web/target/classes/rabbitmq-product.xml]
2016-08-15 22:13:28,066 [main] INFO  org.springframework.context.support.GenericApplicationContext - Refreshing org.springframework.context.support.GenericApplicationContext@71423665: startup date [Mon Aug 15 22:13:28 CST 2016]; root of context hierarchy
2016-08-15 22:13:28,227 [main] INFO  org.springframework.beans.factory.config.PropertyPlaceholderConfigurer - Loading properties file from class path resource [config-dev.properties]
2016-08-15 22:13:28,984 [main] INFO  com.alibaba.druid.pool.DruidDataSource - {dataSource-1} inited
2016-08-15 22:13:29,815 [main] INFO  org.springframework.amqp.rabbit.connection.CachingConnectionFactory - Created new connection: SimpleConnection@119cbf96 [delegate=amqp://yangjinjing@172.168.83.201:5672/]
2016-08-15 22:13:29,960 [Thread-2] INFO  org.springframework.context.support.GenericApplicationContext - Closing org.springframework.context.support.GenericApplicationContext@71423665: startup date [Mon Aug 15 22:13:28 CST 2016]; root of context hierarchy
2016-08-15 22:13:29,979 [Thread-2] WARN  org.springframework.beans.factory.support.DisposableBeanAdapter - Invocation of destroy method 'close' failed on bean with name 'sqlSession': java.lang.UnsupportedOperationException: Manual close is not allowed over a Spring managed SqlSession
2016-08-15 22:13:29,990 [Thread-2] INFO  com.alibaba.druid.pool.DruidDataSource - {dataSource-1} closed
2016-08-15 22:17:07,621 [main] INFO  org.springframework.test.context.support.DefaultTestContextBootstrapper - Loaded default TestExecutionListener class names from location [META-INF/spring.factories]: [org.springframework.test.context.web.ServletTestExecutionListener, org.springframework.test.context.support.DependencyInjectionTestExecutionListener, org.springframework.test.context.support.DirtiesContextTestExecutionListener, org.springframework.test.context.transaction.TransactionalTestExecutionListener, org.springframework.test.context.jdbc.SqlScriptsTestExecutionListener]
2016-08-15 22:17:07,647 [main] INFO  org.springframework.test.context.support.DefaultTestContextBootstrapper - Could not instantiate TestExecutionListener [org.springframework.test.context.web.ServletTestExecutionListener]. Specify custom listener classes or make the default listener classes (and their required dependencies) available. Offending class: [javax/servlet/ServletContext]
2016-08-15 22:17:07,651 [main] INFO  org.springframework.test.context.support.DefaultTestContextBootstrapper - Using TestExecutionListeners: [org.springframework.test.context.support.DependencyInjectionTestExecutionListener@42e26948, org.springframework.test.context.support.DirtiesContextTestExecutionListener@57baeedf, org.springframework.test.context.transaction.TransactionalTestExecutionListener@343f4d3d, org.springframework.test.context.jdbc.SqlScriptsTestExecutionListener@53b32d7]
2016-08-15 22:17:07,847 [main] INFO  org.springframework.beans.factory.xml.XmlBeanDefinitionReader - Loading XML bean definitions from URL [file:/Users/apple/mq/ga-web/target/classes/spring/applicationContext.xml]
2016-08-15 22:17:08,166 [main] INFO  org.springframework.beans.factory.xml.XmlBeanDefinitionReader - Loading XML bean definitions from URL [file:/Users/apple/mq/ga-web/target/classes/spring/applicationContext-datasource.xml]
2016-08-15 22:17:08,304 [main] INFO  org.springframework.beans.factory.xml.XmlBeanDefinitionReader - Loading XML bean definitions from URL [file:/Users/apple/mq/ga-web/target/classes/spring/applicationContext-service.xml]
2016-08-15 22:17:08,327 [main] INFO  org.springframework.beans.factory.xml.XmlBeanDefinitionReader - Loading XML bean definitions from URL [file:/Users/apple/mq/ga-web/target/classes/rabbitmq-product.xml]
2016-08-15 22:17:13,220 [main] INFO  org.springframework.context.support.GenericApplicationContext - Refreshing org.springframework.context.support.GenericApplicationContext@71423665: startup date [Mon Aug 15 22:17:13 CST 2016]; root of context hierarchy
2016-08-15 22:17:13,368 [main] INFO  org.springframework.beans.factory.config.PropertyPlaceholderConfigurer - Loading properties file from class path resource [config-dev.properties]
2016-08-15 22:17:14,024 [main] INFO  com.alibaba.druid.pool.DruidDataSource - {dataSource-1} inited
2016-08-15 22:17:14,771 [main] INFO  org.springframework.amqp.rabbit.connection.CachingConnectionFactory - Created new connection: SimpleConnection@119cbf96 [delegate=amqp://yangjinjing@172.168.83.201:5672/]
2016-08-15 22:17:14,841 [Thread-2] INFO  org.springframework.context.support.GenericApplicationContext - Closing org.springframework.context.support.GenericApplicationContext@71423665: startup date [Mon Aug 15 22:17:13 CST 2016]; root of context hierarchy
2016-08-15 22:17:14,857 [Thread-2] WARN  org.springframework.beans.factory.support.DisposableBeanAdapter - Invocation of destroy method 'close' failed on bean with name 'sqlSession': java.lang.UnsupportedOperationException: Manual close is not allowed over a Spring managed SqlSession
2016-08-15 22:17:14,865 [Thread-2] INFO  com.alibaba.druid.pool.DruidDataSource - {dataSource-1} closed
2016-08-15 22:25:02,628 [main] INFO  org.springframework.test.context.support.DefaultTestContextBootstrapper - Loaded default TestExecutionListener class names from location [META-INF/spring.factories]: [org.springframework.test.context.web.ServletTestExecutionListener, org.springframework.test.context.support.DependencyInjectionTestExecutionListener, org.springframework.test.context.support.DirtiesContextTestExecutionListener, org.springframework.test.context.transaction.TransactionalTestExecutionListener, org.springframework.test.context.jdbc.SqlScriptsTestExecutionListener]
2016-08-15 22:25:02,651 [main] INFO  org.springframework.test.context.support.DefaultTestContextBootstrapper - Could not instantiate TestExecutionListener [org.springframework.test.context.web.ServletTestExecutionListener]. Specify custom listener classes or make the default listener classes (and their required dependencies) available. Offending class: [javax/servlet/ServletContext]
2016-08-15 22:25:02,654 [main] INFO  org.springframework.test.context.support.DefaultTestContextBootstrapper - Using TestExecutionListeners: [org.springframework.test.context.support.DependencyInjectionTestExecutionListener@6a4f787b, org.springframework.test.context.support.DirtiesContextTestExecutionListener@685cb137, org.springframework.test.context.transaction.TransactionalTestExecutionListener@6a41eaa2, org.springframework.test.context.jdbc.SqlScriptsTestExecutionListener@7cd62f43]
2016-08-15 22:25:02,892 [main] INFO  org.springframework.beans.factory.xml.XmlBeanDefinitionReader - Loading XML bean definitions from URL [file:/Users/apple/mq/ga-web/target/classes/spring/applicationContext.xml]
2016-08-15 22:25:03,386 [main] INFO  org.springframework.beans.factory.xml.XmlBeanDefinitionReader - Loading XML bean definitions from URL [file:/Users/apple/mq/ga-web/target/classes/spring/applicationContext-datasource.xml]
2016-08-15 22:25:03,522 [main] INFO  org.springframework.beans.factory.xml.XmlBeanDefinitionReader - Loading XML bean definitions from URL [file:/Users/apple/mq/ga-web/target/classes/spring/applicationContext-service.xml]
2016-08-15 22:25:03,554 [main] INFO  org.springframework.beans.factory.xml.XmlBeanDefinitionReader - Loading XML bean definitions from URL [file:/Users/apple/mq/ga-web/target/classes/rabbitmq-consumer.xml]
2016-08-15 22:25:07,109 [main] INFO  org.springframework.context.support.GenericApplicationContext - Refreshing org.springframework.context.support.GenericApplicationContext@a67c67e: startup date [Mon Aug 15 22:25:07 CST 2016]; root of context hierarchy
2016-08-15 22:25:07,283 [main] INFO  org.springframework.beans.factory.config.PropertyPlaceholderConfigurer - Loading properties file from class path resource [config-dev.properties]
2016-08-15 22:25:08,063 [main] INFO  com.alibaba.druid.pool.DruidDataSource - {dataSource-1} inited
2016-08-15 22:25:08,463 [main] INFO  org.springframework.context.support.DefaultLifecycleProcessor - Starting beans in phase 2147483647
2016-08-15 22:25:08,584 [SimpleAsyncTaskExecutor-1] INFO  org.springframework.amqp.rabbit.connection.CachingConnectionFactory - Created new connection: SimpleConnection@6e7681f4 [delegate=amqp://yangjinjing@172.168.83.201:5672/]
2016-08-15 22:25:08,649 [SimpleAsyncTaskExecutor-1] INFO  com.city.ga.web.listener.RabbitListener - 数据:"44444445555"
2016-08-15 22:25:08,651 [pool-3-thread-1] INFO  com.city.ga.web.listener.RabbitListener - mq插入数据:"44444445555"
2016-08-15 22:25:08,654 [SimpleAsyncTaskExecutor-1] INFO  com.city.ga.web.listener.RabbitListener - 数据:"44444445555"
2016-08-15 22:25:08,654 [pool-3-thread-2] INFO  com.city.ga.web.listener.RabbitListener - mq插入数据:"44444445555"
2016-08-15 22:25:08,656 [SimpleAsyncTaskExecutor-1] INFO  com.city.ga.web.listener.RabbitListener - 数据:"44444445555"
2016-08-15 22:25:08,657 [pool-3-thread-3] INFO  com.city.ga.web.listener.RabbitListener - mq插入数据:"44444445555"
2016-08-15 22:25:08,674 [Thread-2] INFO  org.springframework.context.support.GenericApplicationContext - Closing org.springframework.context.support.GenericApplicationContext@a67c67e: startup date [Mon Aug 15 22:25:07 CST 2016]; root of context hierarchy
2016-08-15 22:25:08,675 [Thread-2] INFO  org.springframework.context.support.DefaultLifecycleProcessor - Stopping beans in phase 2147483647
2016-08-15 22:25:08,683 [Thread-2] INFO  org.springframework.amqp.rabbit.listener.SimpleMessageListenerContainer - Waiting for workers to finish.
2016-08-15 22:25:09,665 [Thread-2] INFO  org.springframework.amqp.rabbit.listener.SimpleMessageListenerContainer - Successfully waited for workers to finish.
2016-08-15 22:25:09,666 [Thread-2] INFO  com.city.ga.web.listener.RabbitListener - RabbitMqTestListener消息处理池已关闭!
2016-08-15 22:25:09,667 [Thread-2] INFO  com.city.ga.web.listener.RabbitListener - RabbitMqTestListener消息处理池已关闭!
2016-08-15 22:25:09,674 [Thread-2] WARN  org.springframework.beans.factory.support.DisposableBeanAdapter - Invocation of destroy method 'close' failed on bean with name 'sqlSession': java.lang.UnsupportedOperationException: Manual close is not allowed over a Spring managed SqlSession
2016-08-15 22:25:09,679 [Thread-2] INFO  com.alibaba.druid.pool.DruidDataSource - {dataSource-1} closed
2016-08-15 22:27:37,241 [main] INFO  org.springframework.test.context.support.DefaultTestContextBootstrapper - Loaded default TestExecutionListener class names from location [META-INF/spring.factories]: [org.springframework.test.context.web.ServletTestExecutionListener, org.springframework.test.context.support.DependencyInjectionTestExecutionListener, org.springframework.test.context.support.DirtiesContextTestExecutionListener, org.springframework.test.context.transaction.TransactionalTestExecutionListener, org.springframework.test.context.jdbc.SqlScriptsTestExecutionListener]
2016-08-15 22:27:37,264 [main] INFO  org.springframework.test.context.support.DefaultTestContextBootstrapper - Could not instantiate TestExecutionListener [org.springframework.test.context.web.ServletTestExecutionListener]. Specify custom listener classes or make the default listener classes (and their required dependencies) available. Offending class: [javax/servlet/ServletContext]
2016-08-15 22:27:37,267 [main] INFO  org.springframework.test.context.support.DefaultTestContextBootstrapper - Using TestExecutionListeners: [org.springframework.test.context.support.DependencyInjectionTestExecutionListener@6a4f787b, org.springframework.test.context.support.DirtiesContextTestExecutionListener@685cb137, org.springframework.test.context.transaction.TransactionalTestExecutionListener@6a41eaa2, org.springframework.test.context.jdbc.SqlScriptsTestExecutionListener@7cd62f43]
2016-08-15 22:27:37,487 [main] INFO  org.springframework.beans.factory.xml.XmlBeanDefinitionReader - Loading XML bean definitions from URL [file:/Users/apple/mq/ga-web/target/classes/spring/applicationContext.xml]
2016-08-15 22:27:38,089 [main] INFO  org.springframework.beans.factory.xml.XmlBeanDefinitionReader - Loading XML bean definitions from URL [file:/Users/apple/mq/ga-web/target/classes/spring/applicationContext-datasource.xml]
2016-08-15 22:27:38,164 [main] INFO  org.springframework.beans.factory.xml.XmlBeanDefinitionReader - Loading XML bean definitions from URL [file:/Users/apple/mq/ga-web/target/classes/spring/applicationContext-service.xml]
2016-08-15 22:27:38,211 [main] INFO  org.springframework.beans.factory.xml.XmlBeanDefinitionReader - Loading XML bean definitions from URL [file:/Users/apple/mq/ga-web/target/classes/rabbitmq-consumer.xml]
2016-08-15 22:27:39,974 [main] INFO  org.springframework.context.support.GenericApplicationContext - Refreshing org.springframework.context.support.GenericApplicationContext@a67c67e: startup date [Mon Aug 15 22:27:39 CST 2016]; root of context hierarchy
2016-08-15 22:27:40,134 [main] INFO  org.springframework.beans.factory.config.PropertyPlaceholderConfigurer - Loading properties file from class path resource [config-dev.properties]
2016-08-15 22:27:40,886 [main] INFO  com.alibaba.druid.pool.DruidDataSource - {dataSource-1} inited
2016-08-15 22:27:41,288 [main] INFO  org.springframework.context.support.DefaultLifecycleProcessor - Starting beans in phase 2147483647
2016-08-15 22:27:41,396 [SimpleAsyncTaskExecutor-1] INFO  org.springframework.amqp.rabbit.connection.CachingConnectionFactory - Created new connection: SimpleConnection@592c8001 [delegate=amqp://yangjinjing@172.168.83.201:5672/]
2016-08-15 22:27:41,449 [SimpleAsyncTaskExecutor-1] INFO  com.city.ga.web.listener.RabbitListener - 数据:"44444445555"
2016-08-15 22:27:41,459 [pool-3-thread-1] INFO  com.city.ga.web.listener.RabbitListener - mq插入数据:"44444445555"
2016-08-15 22:27:41,461 [SimpleAsyncTaskExecutor-1] INFO  com.city.ga.web.listener.RabbitListener - 数据:"44444445555"
2016-08-15 22:27:41,462 [pool-3-thread-2] INFO  com.city.ga.web.listener.RabbitListener - mq插入数据:"44444445555"
2016-08-15 22:27:41,463 [Thread-2] INFO  org.springframework.context.support.GenericApplicationContext - Closing org.springframework.context.support.GenericApplicationContext@a67c67e: startup date [Mon Aug 15 22:27:39 CST 2016]; root of context hierarchy
2016-08-15 22:27:41,469 [Thread-2] INFO  org.springframework.context.support.DefaultLifecycleProcessor - Stopping beans in phase 2147483647
2016-08-15 22:27:41,469 [SimpleAsyncTaskExecutor-1] INFO  com.city.ga.web.listener.RabbitListener - 数据:"44444445555"
2016-08-15 22:27:41,477 [pool-3-thread-3] INFO  com.city.ga.web.listener.RabbitListener - mq插入数据:"44444445555"
2016-08-15 22:27:41,479 [Thread-2] INFO  org.springframework.amqp.rabbit.listener.SimpleMessageListenerContainer - Waiting for workers to finish.
2016-08-15 22:27:42,490 [Thread-2] INFO  org.springframework.amqp.rabbit.listener.SimpleMessageListenerContainer - Successfully waited for workers to finish.
2016-08-15 22:27:42,490 [Thread-2] INFO  com.city.ga.web.listener.RabbitListener - RabbitMqTestListener消息处理池已关闭!
2016-08-15 22:27:42,491 [Thread-2] INFO  com.city.ga.web.listener.RabbitListener - RabbitMqTestListener消息处理池已关闭!
2016-08-15 22:27:42,499 [Thread-2] WARN  org.springframework.beans.factory.support.DisposableBeanAdapter - Invocation of destroy method 'close' failed on bean with name 'sqlSession': java.lang.UnsupportedOperationException: Manual close is not allowed over a Spring managed SqlSession
2016-08-15 22:27:42,503 [Thread-2] INFO  com.alibaba.druid.pool.DruidDataSource - {dataSource-1} closed
